0: {0, 1, 2, 3, 4, 5, 6, 7, 8, 9, 10, 11, 12, 13, 14, 15, 16, 17, 18, 19, 20, 21, 22, 23, 24, 25, 26, 27, 28, 29, 30, 31, 32, 33}
1: {0, 1, 2, 3, 4, 5, 6, 7, 8, 10, 11, 12, 13, 14, 15, 16, 17, 18, 19, 20, 21, 22, 23, 24, 25, 26, 27, 28, 29, 30, 31, 32, 33}
1: {9} (leaf)
2: {0, 1, 2, 3, 4, 5, 6, 7, 8, 10, 12, 13, 14, 15, 16, 17, 18, 19, 20, 21, 22, 23, 24, 25, 26, 27, 28, 29, 30, 31, 32, 33}
2: {11} (leaf)
3: {0, 1, 2, 3, 4, 5, 6, 7, 8, 10, 13, 14, 15, 16, 17, 18, 19, 20, 21, 22, 23, 24, 25, 26, 27, 28, 29, 30, 31, 32, 33}
3: {12} (leaf)
4: {0, 1, 2, 3, 4, 5, 6, 7, 8, 10, 13, 15, 16, 17, 18, 19, 20, 21, 22, 23, 24, 25, 26, 27, 28, 29, 30, 31, 32, 33}
4: {14} (leaf)
5: {0, 1, 2, 3, 4, 5, 6, 7, 8, 10, 13, 16, 17, 18, 19, 20, 21, 22, 23, 24, 25, 26, 27, 28, 29, 30, 31, 32, 33}
5: {15} (leaf)
6: {0, 1, 2, 3, 4, 5, 6, 7, 8, 10, 13, 16, 18, 19, 20, 21, 22, 23, 24, 25, 26, 27, 28, 29, 30, 31, 32, 33}
6: {17} (leaf)
7: {0, 1, 2, 3, 4, 5, 6, 7, 8, 10, 13, 16, 19, 20, 21, 22, 23, 24, 25, 26, 27, 28, 29, 30, 31, 32, 33}
7: {18} (leaf)
8: {0, 1, 2, 3, 4, 5, 6, 7, 8, 10, 13, 16, 20, 21, 22, 23, 24, 25, 26, 27, 28, 29, 30, 31, 32, 33}
8: {19} (leaf)
9: {0, 1, 2, 3, 4, 5, 6, 7, 8, 10, 13, 16, 21, 22, 23, 24, 25, 26, 27, 28, 29, 30, 31, 32, 33}
9: {20} (leaf)
10: {0, 1, 2, 3, 4, 5, 6, 7, 8, 10, 13, 16, 22, 23, 24, 25, 26, 27, 28, 29, 30, 31, 32, 33}
10: {21} (leaf)
11: {0, 1, 2, 3, 4, 5, 6, 7, 8, 10, 13, 16, 23, 24, 25, 26, 27, 28, 29, 30, 31, 32, 33}
11: {22} (leaf)
12: {0, 1, 2, 3, 4, 5, 6, 7, 8, 10, 13, 16, 23, 24, 25, 27, 28, 29, 30, 31, 32, 33}
12: {26} (leaf)
13: {0, 1, 2, 3, 4, 5, 6, 7, 8, 10, 13, 16, 23, 24, 25, 27, 29, 30, 31, 32, 33}
13: {28} (leaf)
14: {0, 1, 2, 3, 4, 5, 6, 7, 8, 10, 13, 16, 23, 24, 25, 27, 29, 30, 32}
14: {31, 33}
15: {0, 1, 2, 3, 4, 5, 6, 7, 8, 10, 13, 16, 23, 25, 29, 30, 32}
15: {24, 27}
15: {31} (leaf)
15: {33} (leaf)
16: {0, 3, 4, 5, 6, 7, 8, 10, 13, 16, 23, 25, 29, 30, 32}
16: {1, 2}
16: {24} (leaf)
16: {27} (leaf)
17: {0, 3, 4, 7, 8, 10, 13, 16, 23, 25, 29, 30, 32}
17: {1} (leaf)
17: {2} (leaf)
17: {5, 6}
18: {0, 3, 13}
18: {4, 7, 8, 10, 16, 23, 25, 29, 30, 32}
18: {5} (leaf)
18: {6} (leaf)
19: {0, 3}
19: {13} (leaf)
19: {16, 29, 32}
19: {4, 7, 8, 10, 23, 25, 30}
20: {0} (leaf)
20: {16} (leaf)
20: {29, 32}
20: {3} (leaf)
20: {4, 7, 10, 23, 25}
20: {8, 30}
21: {23, 25}
21: {29} (leaf)
21: {30} (leaf)
21: {32} (leaf)
21: {4, 7, 10}
21: {8} (leaf)
22: {23} (leaf)
22: {25} (leaf)
22: {4, 10}
22: {7} (leaf)
23: {10} (leaf)
23: {4} (leaf)
