0: {0, 1, 2, 3, 4, 5, 6, 7, 8, 9, 10, 11, 12, 13, 14, 15, 16, 17, 18, 19, 20, 21, 22, 23, 24, 25, 26, 27, 28, 29, 30, 31, 32, 33, 34, 35, 36, 37, 38, 39, 40, 41, 42, 43, 44, 45, 46, 47, 48, 49, 50, 51, 52, 53, 54, 55, 56, 57, 58, 59, 60, 61, 62, 63, 64, 65, 66, 67, 68, 69, 70, 71, 72, 73, 74, 75, 76}
1: {0, 2, 3, 4, 5, 6, 7, 8, 9, 10, 11, 12, 13, 14, 15, 16, 17, 18, 19, 20, 21, 22, 23, 24, 25, 26, 27, 28, 29, 30, 31, 32, 33, 34, 35, 36, 37, 38, 39, 40, 41, 42, 43, 44, 45, 46, 47, 48, 49, 50, 51, 52, 53, 54, 55, 56, 57, 58, 59, 60, 61, 62, 63, 64, 65, 66, 67, 68, 69, 70, 71, 72, 73, 74, 75, 76}
1: {1} (leaf)
2: {0, 2, 3, 5, 6, 7, 8, 9, 10, 11, 12, 13, 14, 15, 16, 17, 18, 19, 20, 21, 22, 23, 24, 25, 26, 27, 28, 29, 30, 31, 32, 33, 34, 35, 36, 37, 38, 39, 40, 41, 42, 43, 44, 45, 46, 47, 48, 49, 50, 51, 52, 53, 54, 55, 56, 57, 58, 59, 60, 61, 62, 63, 64, 65, 66, 67, 68, 69, 70, 71, 72, 73, 74, 75, 76}
2: {4} (leaf)
3: {0, 2, 3, 6, 7, 8, 9, 10, 11, 12, 13, 14, 15, 16, 17, 18, 19, 20, 21, 22, 23, 24, 25, 26, 27, 28, 29, 30, 31, 32, 33, 34, 35, 36, 37, 38, 39, 40, 41, 42, 43, 44, 45, 46, 47, 48, 49, 50, 51, 52, 53, 54, 55, 56, 57, 58, 59, 60, 61, 62, 63, 64, 65, 66, 67, 68, 69, 70, 71, 72, 73, 74, 75, 76}
3: {5} (leaf)
4: {0, 2, 3, 7, 8, 9, 10, 11, 12, 13, 14, 15, 16, 17, 18, 19, 20, 21, 22, 23, 24, 25, 26, 27, 28, 29, 30, 31, 32, 33, 34, 35, 36, 37, 38, 39, 40, 41, 42, 43, 44, 45, 46, 47, 48, 49, 50, 51, 52, 53, 54, 55, 56, 57, 58, 59, 60, 61, 62, 63, 64, 65, 66, 67, 68, 69, 70, 71, 72, 73, 74, 75, 76}
4: {6} (leaf)
5: {0, 2, 3, 8, 9, 10, 11, 12, 13, 14, 15, 16, 17, 18, 19, 20, 21, 22, 23, 24, 25, 26, 27, 28, 29, 30, 31, 32, 33, 34, 35, 36, 37, 38, 39, 40, 41, 42, 43, 44, 45, 46, 47, 48, 49, 50, 51, 52, 53, 54, 55, 56, 57, 58, 59, 60, 61, 62, 63, 64, 65, 66, 67, 68, 69, 70, 71, 72, 73, 74, 75, 76}
5: {7} (leaf)
6: {0, 2, 3, 9, 10, 11, 12, 13, 14, 15, 16, 17, 18, 19, 20, 21, 22, 23, 24, 25, 26, 27, 28, 29, 30, 31, 32, 33, 34, 35, 36, 37, 38, 39, 40, 41, 42, 43, 44, 45, 46, 47, 48, 49, 50, 51, 52, 53, 54, 55, 56, 57, 58, 59, 60, 61, 62, 63, 64, 65, 66, 67, 68, 69, 70, 71, 72, 73, 74, 75, 76}
6: {8} (leaf)
7: {0, 2, 3, 10, 11, 12, 13, 14, 15, 16, 17, 18, 19, 20, 21, 22, 23, 24, 25, 26, 27, 28, 29, 30, 31, 32, 33, 34, 35, 36, 37, 38, 39, 40, 41, 42, 43, 44, 45, 46, 47, 48, 49, 50, 51, 52, 53, 54, 55, 56, 57, 58, 59, 60, 61, 62, 63, 64, 65, 66, 67, 68, 69, 70, 71, 72, 73, 74, 75, 76}
7: {9} (leaf)
8: {0, 2, 3, 11, 12, 13, 14, 15, 16, 17, 18, 19, 20, 21, 22, 23, 24, 25, 26, 27, 28, 29, 30, 31, 32, 33, 34, 35, 36, 37, 38, 39, 40, 41, 42, 43, 44, 45, 46, 47, 48, 49, 50, 51, 52, 53, 54, 55, 56, 57, 58, 59, 60, 61, 62, 63, 64, 65, 66, 67, 68, 69, 70, 71, 72, 73, 74, 75, 76}
8: {10} (leaf)
9: {0, 2, 3, 11, 13, 14, 15, 16, 17, 18, 19, 20, 21, 22, 23, 24, 25, 26, 27, 28, 29, 30, 31, 32, 33, 34, 35, 36, 37, 38, 39, 40, 41, 42, 43, 44, 45, 46, 47, 48, 49, 50, 51, 52, 53, 54, 55, 56, 57, 58, 59, 60, 61, 62, 63, 64, 65, 66, 67, 68, 69, 70, 71, 72, 73, 74, 75, 76}
9: {12} (leaf)
10: {0, 2, 3, 11, 14, 15, 16, 17, 18, 19, 20, 21, 22, 23, 24, 25, 26, 27, 28, 29, 30, 31, 32, 33, 34, 35, 36, 37, 38, 39, 40, 41, 42, 43, 44, 45, 46, 47, 48, 49, 50, 51, 52, 53, 54, 55, 56, 57, 58, 59, 60, 61, 62, 63, 64, 65, 66, 67, 68, 69, 70, 71, 72, 73, 74, 75, 76}
10: {13} (leaf)
11: {0, 2, 3, 11, 15, 16, 17, 18, 19, 20, 21, 22, 23, 24, 25, 26, 27, 28, 29, 30, 31, 32, 33, 34, 35, 36, 37, 38, 39, 40, 41, 42, 43, 44, 45, 46, 47, 48, 49, 50, 51, 52, 53, 54, 55, 56, 57, 58, 59, 60, 61, 62, 63, 64, 65, 66, 67, 68, 69, 70, 71, 72, 73, 74, 75, 76}
11: {14} (leaf)
12: {0, 2, 3, 11, 16, 17, 18, 19, 20, 21, 22, 23, 24, 25, 26, 27, 28, 29, 30, 31, 32, 33, 34, 35, 36, 37, 38, 39, 40, 41, 42, 43, 44, 45, 46, 47, 48, 49, 50, 51, 52, 53, 54, 55, 56, 57, 58, 59, 60, 61, 62, 63, 64, 65, 66, 67, 68, 69, 70, 71, 72, 73, 74, 75, 76}
12: {15} (leaf)
13: {0, 2, 3, 11, 16, 17, 18, 19, 20, 21, 22, 23, 24, 25, 26, 27, 28, 29, 30, 31, 33, 34, 35, 36, 37, 38, 39, 40, 41, 42, 43, 44, 45, 46, 47, 48, 49, 50, 51, 52, 53, 54, 55, 56, 57, 58, 59, 60, 61, 62, 63, 64, 65, 66, 67, 68, 69, 70, 71, 72, 73, 74, 75, 76}
13: {32} (leaf)
14: {0, 2, 3, 11, 16, 17, 18, 19, 20, 21, 22, 23, 24, 25, 26, 27, 28, 29, 30, 31, 34, 35, 36, 37, 38, 39, 40, 41, 42, 43, 44, 45, 46, 47, 48, 49, 50, 51, 52, 53, 54, 55, 56, 57, 58, 59, 60, 61, 62, 63, 64, 65, 66, 67, 68, 69, 70, 71, 72, 73, 74, 75, 76}
14: {33} (leaf)
15: {0, 2, 3, 11, 16, 17, 18, 19, 20, 21, 22, 23, 24, 25, 26, 27, 28, 29, 30, 31, 34, 35, 36, 37, 38, 39, 41, 42, 43, 44, 45, 46, 47, 48, 49, 50, 51, 52, 53, 54, 55, 56, 57, 58, 59, 60, 61, 62, 63, 64, 65, 66, 67, 68, 69, 70, 71, 72, 73, 74, 75, 76}
15: {40} (leaf)
16: {0, 2, 3, 11, 16, 17, 18, 19, 20, 21, 22, 23, 24, 25, 26, 27, 28, 29, 30, 31, 34, 35, 36, 37, 38, 39, 41, 42, 44, 45, 46, 47, 48, 49, 50, 51, 52, 53, 54, 55, 56, 57, 58, 59, 60, 61, 62, 63, 64, 65, 66, 67, 68, 69, 70, 71, 72, 73, 74, 75, 76}
16: {43} (leaf)
17: {0, 2, 3, 11, 16, 17, 18, 19, 20, 21, 22, 23, 24, 25, 26, 27, 28, 29, 30, 31, 34, 35, 36, 37, 38, 39, 41, 42, 44, 46, 47, 48, 49, 50, 51, 52, 53, 54, 55, 56, 57, 58, 59, 60, 61, 62, 63, 64, 65, 66, 67, 68, 69, 70, 71, 72, 73, 74, 75, 76}
17: {45} (leaf)
18: {0, 2, 3, 11, 16, 17, 18, 19, 20, 21, 22, 23, 24, 25, 26, 27, 28, 29, 30, 31, 34, 35, 36, 37, 38, 39, 41, 42, 44, 46, 47, 48, 49, 51, 52, 53, 54, 55, 56, 57, 58, 59, 60, 61, 62, 63, 64, 65, 66, 67, 68, 69, 70, 71, 72, 73, 74, 75, 76}
18: {50} (leaf)
19: {0, 2, 3, 11, 16, 17, 18, 19, 20, 21, 22, 23, 24, 25, 26, 27, 28, 29, 30, 31, 34, 35, 36, 37, 38, 39, 41, 42, 44, 46, 47, 48, 49, 51, 52, 54, 55, 56, 57, 58, 59, 60, 61, 62, 63, 64, 65, 66, 67, 68, 69, 70, 71, 72, 73, 74, 75, 76}
19: {53} (leaf)
20: {0, 2, 3, 11, 16, 17, 18, 19, 20, 21, 22, 23, 24, 25, 26, 27, 28, 29, 30, 31, 34, 35, 36, 37, 38, 39, 41, 42, 44, 46, 47, 48, 49, 51, 52, 54, 55, 57, 58, 59, 60, 61, 62, 63, 64, 65, 66, 67, 68, 69, 70, 71, 72, 73, 74, 75, 76}
20: {56} (leaf)
21: {0, 2, 3, 11, 16, 17, 18, 19, 20, 21, 22, 23, 24, 25, 26, 27, 28, 29, 30, 31, 34, 35, 36, 37, 38, 39, 41, 42, 44, 46, 47, 48, 49, 51, 52, 54, 55, 57, 58, 59, 60, 61, 62, 63, 64, 65, 66, 67, 68, 69, 70, 71, 73, 74, 75, 76}
21: {72} (leaf)
22: {0, 2, 3, 16, 17, 18, 19, 20, 21, 22, 23, 24, 25, 27, 28, 29, 30, 31, 34, 35, 36, 37, 38, 39, 41, 42, 44, 46, 47, 48, 49, 51, 52, 54, 55, 57, 58, 59, 60, 61, 62, 63, 64, 65, 66, 67, 68, 69, 70, 71, 73, 74, 75, 76}
22: {11, 26}
23: {0, 2, 3, 16, 17, 18, 19, 20, 21, 22, 23, 24, 25, 27, 28, 29, 30, 31, 34, 35, 36, 37, 38, 39, 41, 42, 44, 46, 47, 48, 52, 54, 55, 57, 58, 59, 60, 61, 62, 63, 64, 65, 66, 67, 68, 69, 70, 71, 73, 74, 75, 76}
23: {11} (leaf)
23: {26} (leaf)
23: {49, 51}
24: {0, 2, 3, 16, 17, 18, 19, 20, 21, 22, 23, 24, 25, 27, 28, 29, 30, 31, 34, 35, 36, 37, 38, 39, 41, 42, 44, 46, 47, 48, 52, 54, 55, 57, 58, 59, 60, 62, 63, 64, 65, 66, 67, 70, 71, 73, 74, 75, 76}
24: {49} (leaf)
24: {51} (leaf)
24: {61, 68, 69}
25: {0, 2, 3, 16, 17, 18, 19, 20, 21, 22, 23, 24, 25, 27, 28, 29, 30, 31, 34, 35, 36, 37, 38, 39, 41, 42, 44, 46, 47, 52, 54, 55, 57, 58, 59, 60, 62, 64, 65, 66, 67, 70, 71, 73, 74, 75, 76}
25: {48, 63}
25: {61} (leaf)
25: {68, 69}
26: {0, 2, 3, 16, 17, 18, 19, 22, 23, 24, 25, 27, 28, 29, 30, 31, 34, 35, 36, 37, 38, 39, 41, 42, 44, 46, 47, 52, 54, 55, 57, 58, 59, 60, 62, 64, 65, 66, 67, 70, 71, 73, 74, 75, 76}
26: {20, 21}
26: {48} (leaf)
26: {63} (leaf)
26: {68} (leaf)
26: {69} (leaf)
27: {0, 3, 16, 18, 19, 22, 23, 27, 28, 29, 30, 31, 34, 35, 36, 37, 38, 39, 41, 42, 44, 46, 47, 52, 54, 55, 57, 58, 59, 60, 62, 64, 65, 66, 67, 71, 73, 74, 75, 76}
27: {2, 17, 24, 25, 70}
27: {20} (leaf)
27: {21} (leaf)
28: {0, 3, 22, 23, 27, 28, 29, 30, 31, 34, 35, 36, 37, 38, 39, 41, 42, 44, 46, 47, 52, 54, 55, 57, 58, 59, 60, 62, 64, 65, 66, 67, 71, 73, 74, 75, 76}
28: {16, 18, 19}
28: {17} (leaf)
28: {2, 24, 25, 70}
29: {0, 3, 22, 23, 27, 28, 29, 30, 31, 34, 35, 36, 37, 38, 39, 41, 42, 44, 46, 47, 52, 54, 55, 57, 58, 59, 60, 62, 64, 65, 66, 67, 71, 75, 76}
29: {16} (leaf)
29: {18, 19}
29: {2, 24, 25}
29: {70} (leaf)
29: {73, 74}
30: {0, 3, 22, 23, 27, 28, 29, 30, 31, 34, 35, 36, 37, 38, 39, 41, 42, 44, 46, 47, 52, 54, 55, 58, 59, 60, 62, 64, 65, 66, 71, 75, 76}
30: {18} (leaf)
30: {19} (leaf)
30: {24, 25}
30: {2} (leaf)
30: {57, 67}
30: {73} (leaf)
30: {74} (leaf)
31: {0, 3, 22, 23, 27, 28, 29, 30, 31, 34, 35, 36, 37, 38, 39, 42, 44, 46, 47, 52, 54, 58, 60, 62, 64, 65, 66, 71, 75}
31: {24} (leaf)
31: {25} (leaf)
31: {41, 55, 59, 76}
31: {57} (leaf)
31: {67} (leaf)
32: {0, 3, 22, 23, 27, 28, 29, 34, 35, 36, 37, 38, 39, 42, 44, 46, 47, 52, 54, 58, 60, 62, 64, 65, 66, 71, 75}
32: {30, 31}
32: {41} (leaf)
32: {55, 59, 76}
33: {0, 3, 42, 60, 65}
33: {22, 23, 27, 28, 29, 34, 35, 36, 37, 38, 39, 44, 46, 47, 52, 54, 58, 62, 64, 66, 71, 75}
33: {30} (leaf)
33: {31} (leaf)
33: {55, 76}
33: {59} (leaf)
34: {0, 3, 60, 65}
34: {22, 23, 27, 66, 71}
34: {28, 29, 34, 35, 36, 37, 38, 39, 44, 46, 47, 52, 54, 58, 62, 64, 75}
34: {42} (leaf)
34: {55} (leaf)
34: {76} (leaf)
35: {0, 3, 65}
35: {22, 23, 27, 71}
35: {28, 36, 38, 44, 75}
35: {29, 34, 35, 37, 39, 46, 47, 52, 54, 58, 62, 64}
35: {60} (leaf)
35: {66} (leaf)
36: {0, 3}
36: {22, 23, 27}
36: {28, 36, 38, 44}
36: {29, 34, 35, 37}
36: {39, 46, 47, 52, 54, 58, 62, 64}
36: {65} (leaf)
36: {71} (leaf)
36: {75} (leaf)
37: {0} (leaf)
37: {22} (leaf)
37: {23, 27}
37: {28, 38, 44}
37: {29} (leaf)
37: {34, 35, 37}
37: {36} (leaf)
37: {39, 46, 47, 52}
37: {3} (leaf)
37: {54, 58, 62, 64}
38: {23} (leaf)
38: {27} (leaf)
38: {28, 44}
38: {34, 35}
38: {37} (leaf)
38: {38} (leaf)
38: {39, 52}
38: {46, 47}
38: {54} (leaf)
38: {58, 62, 64}
39: {28} (leaf)
39: {34} (leaf)
39: {35} (leaf)
39: {39} (leaf)
39: {44} (leaf)
39: {46} (leaf)
39: {47} (leaf)
39: {52} (leaf)
39: {58, 62}
39: {64} (leaf)
40: {58} (leaf)
40: {62} (leaf)
