0: {0, 1, 2, 3, 4, 5, 6, 7, 8, 9, 10, 11, 12, 13, 14, 15, 16, 17, 18, 19, 20, 21, 22, 23, 24, 25, 26, 27, 28, 29, 30, 31, 32, 33, 34, 35, 36, 37, 38, 39, 40, 41, 42, 43, 44, 45, 46, 47, 48, 49, 50, 51, 52, 53, 54, 55, 56, 57, 58, 59, 60, 61, 62, 63, 64, 65, 66, 67, 68, 69, 70, 71, 72, 73, 74, 75, 76}
1: {0, 1, 2, 3, 4, 5, 6, 7, 8, 9, 10, 11, 12, 13, 14, 15, 16, 18, 22, 23, 24, 25, 26, 27, 28, 29, 30, 31, 32, 33, 34, 35, 36, 37, 38, 39, 40, 41, 42, 43, 44, 45, 46, 47, 48, 49, 50, 51, 52, 53, 54, 55, 56, 57, 58, 59, 60, 61, 62, 63, 64, 65, 66, 67, 68, 69, 70, 71, 72, 73, 74, 75, 76}
1: {17, 19, 20, 21}
2: {0, 1, 3, 4, 5, 6, 7, 8, 9, 10, 11, 12, 13, 14, 15, 16, 18, 22, 23, 24, 25, 26, 27, 28, 29, 30, 32, 33, 34, 36, 37, 38, 39, 40, 41, 42, 43, 45, 46, 47, 50, 51, 52, 53, 54, 56, 57, 58, 59, 60, 62, 63, 64, 65, 66, 67, 69, 70, 71, 72, 73, 74, 75}
2: {17} (leaf)
2: {19, 20, 21}
2: {2, 31, 35, 44, 48, 49, 55, 61, 68, 76}
3: {0, 1, 3, 4, 5, 6, 7, 8, 9, 10, 11, 12, 13, 14, 15, 16, 18, 22, 23, 24, 25, 26, 27, 28, 29, 30, 32, 33, 34, 36, 37, 38, 39, 40, 41, 42, 43, 45, 46, 47, 50, 51, 52, 53, 54, 56, 57, 58, 59, 60, 62, 63, 64, 65, 66, 67, 69, 70, 71, 72, 75}
3: {19} (leaf)
3: {2, 35, 44, 48, 49, 55, 61, 68, 76}
3: {20, 21}
3: {31} (leaf)
3: {73, 74}
4: {0, 1, 3, 5, 7, 8, 10, 11, 12, 13, 14, 15, 16, 18, 22, 23, 26, 27, 28, 29, 30, 32, 33, 34, 36, 37, 38, 39, 40, 41, 42, 43, 45, 46, 50, 51, 52, 53, 54, 56, 57, 58, 59, 62, 64, 66, 67, 69, 70, 71, 72, 75}
4: {2, 44, 48, 49, 55, 61, 68, 76}
4: {20} (leaf)
4: {21} (leaf)
4: {35} (leaf)
4: {4, 6, 9, 24, 25, 47, 60, 63, 65}
4: {73} (leaf)
4: {74} (leaf)
5: {0, 3, 10, 11, 12, 13, 14, 15, 16, 18, 22, 23, 26, 27, 29, 30, 32, 33, 34, 36, 37, 38, 39, 40, 41, 42, 43, 45, 46, 50, 52, 53, 54, 56, 57, 59, 66, 67, 69, 70, 71, 72, 75}
5: {1, 5, 7, 8, 28, 51, 58, 62, 64}
5: {2, 48, 49, 55, 61, 68, 76}
5: {44} (leaf)
5: {4} (leaf)
5: {6, 9, 24, 25, 47, 60, 63, 65}
6: {0, 3, 12, 16, 18, 22, 23, 30, 34, 36, 38, 39, 41, 43, 45, 50, 72, 75}
6: {10, 11, 13, 14, 15, 26, 27, 29, 32, 33, 37, 40, 42, 46, 52, 53, 54, 56, 57, 59, 66, 67, 69, 70, 71}
6: {1} (leaf)
6: {2, 48, 49, 55, 61, 76}
6: {5, 7, 8, 28, 51, 58, 62, 64}
6: {68} (leaf)
6: {6} (leaf)
6: {9, 24, 25, 47, 60, 63, 65}
7: {0, 3, 12, 16, 18, 22, 23, 30, 34, 36, 38, 41, 43, 45, 50, 72, 75}
7: {10, 14, 29, 32, 33, 37, 42, 54, 56, 57, 67}
7: {11, 13, 15, 26, 27, 40, 46, 52, 53, 59, 66, 69, 70, 71}
7: {2, 48, 49, 55, 76}
7: {24, 25, 47, 60, 63, 65}
7: {39} (leaf)
7: {5} (leaf)
7: {61} (leaf)
7: {7, 8, 28, 51, 58, 62, 64}
7: {9} (leaf)
8: {0, 3, 12, 16, 18, 22, 23, 30, 34, 36, 38, 41, 43, 45, 72, 75}
8: {10} (leaf)
8: {11, 15, 26, 27, 40, 46, 52, 53, 59, 66, 69, 70, 71}
8: {13} (leaf)
8: {14, 29, 32, 33, 37, 42, 54, 56, 57, 67}
8: {2, 49, 55, 76}
8: {24, 25, 60, 63, 65}
8: {47} (leaf)
8: {48} (leaf)
8: {50} (leaf)
8: {7} (leaf)
8: {8, 28, 51, 58, 62, 64}
9: {0, 3, 16, 18, 22, 23, 30, 34, 36, 38, 41, 43, 45, 72, 75}
9: {11, 26, 27, 40, 46, 52, 53, 59, 66, 69, 70, 71}
9: {12} (leaf)
9: {14} (leaf)
9: {15} (leaf)
9: {24, 25, 63, 65}
9: {28, 51, 58, 62, 64}
9: {29, 32, 33, 37, 42, 54, 56, 57, 67}
9: {2} (leaf)
9: {49, 55, 76}
9: {60} (leaf)
9: {8} (leaf)
10: {0, 3, 16, 18, 22, 23, 34, 36, 38, 41, 43, 45, 72, 75}
10: {11, 26, 27, 40, 46, 52, 59, 66, 69, 70, 71}
10: {24, 25, 65}
10: {28} (leaf)
10: {29, 33, 37, 42, 54, 56, 57, 67}
10: {30} (leaf)
10: {32} (leaf)
10: {49} (leaf)
10: {51, 58, 62, 64}
10: {53} (leaf)
10: {55, 76}
10: {63} (leaf)
11: {0, 3, 16, 18, 22, 23, 34, 38, 41, 43, 45, 72, 75}
11: {11, 26, 27, 40, 46, 59, 66, 69, 70, 71}
11: {24, 25}
11: {29, 33, 37, 42, 54, 57, 67}
11: {36} (leaf)
11: {51} (leaf)
11: {52} (leaf)
11: {55} (leaf)
11: {56} (leaf)
11: {58, 62, 64}
11: {65} (leaf)
11: {76} (leaf)
12: {0, 3, 16, 18, 22, 23, 34, 41, 43, 45, 72, 75}
12: {11, 26, 27, 46, 59, 66, 69, 70, 71}
12: {24} (leaf)
12: {25} (leaf)
12: {29} (leaf)
12: {33, 37, 42, 54, 57, 67}
12: {38} (leaf)
12: {40} (leaf)
12: {58, 62}
12: {64} (leaf)
13: {0, 3, 16, 18, 22, 23, 34, 41, 43, 72, 75}
13: {11, 26, 27, 59, 66, 69, 70, 71}
13: {33} (leaf)
13: {37, 42, 54, 57, 67}
13: {45} (leaf)
13: {46} (leaf)
13: {58} (leaf)
13: {62} (leaf)
14: {0, 3, 16, 18, 22, 23, 34, 41, 43, 75}
14: {11, 26, 27, 59, 66, 69, 70}
14: {37} (leaf)
14: {42, 54, 57, 67}
14: {71} (leaf)
14: {72} (leaf)
15: {0, 3, 16, 18, 22, 23, 41, 43, 75}
15: {11, 26, 27, 59, 69, 70}
15: {34} (leaf)
15: {42} (leaf)
15: {54, 57, 67}
15: {66} (leaf)
16: {0, 3, 16, 18, 22, 23, 41, 75}
16: {11, 26, 27, 59, 69}
16: {43} (leaf)
16: {54} (leaf)
16: {57, 67}
16: {70} (leaf)
17: {0, 3, 16, 18, 22, 23, 41}
17: {11, 26, 27, 59}
17: {57} (leaf)
17: {67} (leaf)
17: {69} (leaf)
17: {75} (leaf)
18: {0, 3, 18, 22, 23, 41}
18: {11, 26, 27}
18: {16} (leaf)
18: {59} (leaf)
19: {0, 3, 22, 23, 41}
19: {11, 26}
19: {18} (leaf)
19: {27} (leaf)
20: {0, 3, 23, 41}
20: {11} (leaf)
20: {22} (leaf)
20: {26} (leaf)
21: {0, 3, 23}
21: {41} (leaf)
22: {0, 3}
22: {23} (leaf)
23: {0} (leaf)
23: {3} (leaf)
