0: {0, 1, 2, 3, 4, 5, 6, 7, 8, 9, 10, 11, 12, 13, 14, 15, 16, 17, 18, 19, 20, 21, 22, 23, 24, 25, 26, 27, 28, 29, 30, 31, 32, 33}
1: {0, 1, 2, 3, 4, 5, 6, 7, 8, 9, 10, 11, 12, 13, 14, 15, 16, 17, 18, 19, 20, 21, 22, 23, 24, 25, 27, 28, 29, 30, 31, 32, 33}
1: {26} (leaf)
2: {0, 1, 2, 3, 6, 8, 11, 12, 13, 14, 15, 16, 17, 18, 19, 20, 22, 23, 24, 25, 27, 28, 29, 30, 31, 32, 33}
2: {4, 5, 7, 9, 10, 21}
3: {0, 3, 13, 19}
3: {1, 2, 6, 8, 11, 12, 14, 15, 16, 17, 18, 20, 22, 23, 24, 25, 27, 28, 29, 30, 31, 32, 33}
3: {4, 5, 7, 10, 21}
3: {9} (leaf)
4: {0, 3, 19}
4: {1, 2, 6, 11, 12, 14, 16, 17, 18, 20, 24, 25, 27, 28, 29, 30, 31, 33}
4: {13} (leaf)
4: {4, 5, 10, 21}
4: {7} (leaf)
4: {8, 15, 22, 23, 32}
5: {0, 3}
5: {1, 2, 12, 17, 20, 25}
5: {19} (leaf)
5: {22} (leaf)
5: {4, 10, 21}
5: {5} (leaf)
5: {6, 11, 14, 16, 18, 24, 27, 28, 29, 30, 31, 33}
5: {8, 15, 23, 32}
6: {0} (leaf)
6: {1, 2, 12, 17, 25}
6: {11} (leaf)
6: {20} (leaf)
6: {21} (leaf)
6: {23} (leaf)
6: {3} (leaf)
6: {4, 10}
6: {6, 14, 16, 18, 24, 27, 28, 29, 30, 31, 33}
6: {8, 15, 32}
7: {1, 2, 12, 17}
7: {10} (leaf)
7: {15, 32}
7: {16} (leaf)
7: {25} (leaf)
7: {4} (leaf)
7: {6, 14, 18, 24, 27, 28, 29, 30, 31, 33}
7: {8} (leaf)
8: {1, 2, 17}
8: {12} (leaf)
8: {15} (leaf)
8: {18} (leaf)
8: {32} (leaf)
8: {6, 14, 24, 27, 28, 29, 30, 31, 33}
9: {1, 2}
9: {14} (leaf)
9: {17} (leaf)
9: {6, 24, 27, 28, 29, 30, 31, 33}
10: {1} (leaf)
10: {24, 27, 28, 29, 30, 31, 33}
10: {2} (leaf)
10: {6} (leaf)
11: {24, 28, 29, 30, 31, 33}
11: {27} (leaf)
12: {24} (leaf)
12: {28, 29, 30, 31, 33}
13: {28} (leaf)
13: {29, 30, 31, 33}
14: {29} (leaf)
14: {30, 31, 33}
15: {30} (leaf)
15: {31, 33}
16: {31} (leaf)
16: {33} (leaf)
